<?xml version="1.0" encoding="UTF-8"?>
<testsuite xmlns:xsi="http://www.w3.org/2001/XMLSchema-instance" xsi:noNamespaceSchemaLocation="https://maven.apache.org/surefire/maven-surefire-plugin/xsd/surefire-test-report.xsd" version="3.0.2" name="com.devsuperior.dscommerce.DscommerceApplicationTests" time="5.56" tests="1" errors="0" skipped="0" failures="0" flakes="0">
  <properties>
[...]
</properties>
  <testcase name="contextLoads" classname="com.devsuperior.dscommerce.DscommerceApplicationTests" time="0.388">
    <system-out><![CDATA[20:45:08.858 [main] INFO org.springframework.test.context.support.AnnotationConfigContextLoaderUtils -- Could not detect default configuration classes for test class [com.devsuperior.dscommerce.DscommerceApplicationTests]: DscommerceApplicationTests does not declare any static, non-private, non-final, nested classes annotated with @Configuration.
20:45:08.947 [main] INFO org.springframework.boot.test.context.SpringBootTestContextBootstrapper -- Found @SpringBootConfiguration com.devsuperior.dscommerce.DscommerceApplication for test class com.devsuperior.dscommerce.DscommerceApplicationTests
20:45:09.027 [main] INFO org.springframework.test.context.support.AnnotationConfigContextLoaderUtils -- Could not detect default configuration classes for test class [com.devsuperior.dscommerce.DscommerceApplicationTests]: DscommerceApplicationTests does not declare any static, non-private, non-final, nested classes annotated with @Configuration.
20:45:09.029 [main] INFO org.springframework.boot.test.context.SpringBootTestContextBootstrapper -- Found @SpringBootConfiguration com.devsuperior.dscommerce.DscommerceApplication for test class com.devsuperior.dscommerce.DscommerceApplicationTests

  .   ____          _            __ _ _
 /\\ / ___'_ __ _ _(_)_ __  __ _ \ \ \ \
( ( )\___ | '_ | '_| | '_ \/ _` | \ \ \ \
 \\/  ___)| |_)| | | | | || (_| |  ) ) ) )
  '  |____| .__|_| |_|_| |_\__, | / / / /
 =========|_|==============|___/=/_/_/_/

 :: Spring Boot ::                (v4.0.6)

2026-09-02T20:45:09.343-03:00  INFO 19720 --- [           main] c.d.d.DscommerceApplicationTests         : Starting DscommerceApplicationTests using Java 21.0.4 with PID 19720 (started by batti in C:\Cursos\Java\DSCommerceCap05)
2026-09-02T20:45:09.344-03:00  INFO 19720 --- [           main] c.d.d.DscommerceApplicationTests         : The following 1 profile is active: "test"
2026-09-02T20:45:10.024-03:00  INFO 19720 --- [           main] .s.d.r.c.RepositoryConfigurationDelegate : Bootstrapping Spring Data JPA repositories in DEFAULT mode.
2026-09-02T20:45:10.080-03:00  INFO 19720 --- [           main] .s.d.r.c.RepositoryConfigurationDelegate : Finished Spring Data repository scanning in 44 ms. Found 1 JPA repository interface.
2026-09-02T20:45:10.407-03:00  INFO 19720 --- [           main] com.zaxxer.hikari.HikariDataSource       : HikariPool-1 - Starting...
2026-09-02T20:45:10.588-03:00  INFO 19720 --- [           main] com.zaxxer.hikari.pool.HikariPool        : HikariPool-1 - Added connection conn0: url=jdbc:h2:mem:testdb user=SA
2026-09-02T20:45:10.591-03:00  INFO 19720 --- [           main] com.zaxxer.hikari.HikariDataSource       : HikariPool-1 - Start completed.
2026-09-02T20:45:10.635-03:00  INFO 19720 --- [           main] org.hibernate.orm.jpa                    : HHH008540: Processing PersistenceUnitInfo [name: default]
2026-09-02T20:45:10.741-03:00  INFO 19720 --- [           main] org.hibernate.orm.core                   : HHH000001: Hibernate ORM core version 7.2.12.Final
2026-09-02T20:45:11.229-03:00  INFO 19720 --- [           main] o.s.o.j.p.SpringPersistenceUnitInfo      : No LoadTimeWeaver setup: ignoring JPA class transformer
2026-09-02T20:45:11.290-03:00  INFO 19720 --- [           main] org.hibernate.orm.connections.pooling    : HHH10001005: Database info:
	Database JDBC URL [jdbc:h2:mem:testdb]
	Database driver: H2 JDBC Driver
	Database dialect: H2Dialect
	Database version: 2.4.240
	Default catalog/schema: TESTDB/PUBLIC
	Autocommit mode: undefined/unknown
	Isolation level: READ_COMMITTED [default READ_COMMITTED]
	JDBC fetch size: 100
	Pool: DataSourceConnectionProvider
	Minimum pool size: undefined/unknown
	Maximum pool size: undefined/unknown
2026-09-02T20:45:12.105-03:00  INFO 19720 --- [           main] org.hibernate.orm.core                   : HHH000489: No JTA platform available (set 'hibernate.transaction.jta.platform' to enable JTA platform integration)
Hibernate: 
    drop table if exists tb_category cascade 
Hibernate: 
    drop table if exists tb_order cascade 
Hibernate: 
    drop table if exists tb_order_item cascade 
Hibernate: 
    drop table if exists tb_payment cascade 
Hibernate: 
    drop table if exists tb_product cascade 
Hibernate: 
    drop table if exists tb_product_category cascade 
Hibernate: 
    drop table if exists tb_user cascade 
Hibernate: 
    create table tb_category (
        id bigint generated by default as identity,
        name varchar(255),
        primary key (id)
    )
Hibernate: 
    create table tb_order (
        status tinyint check ((status between 0 and 4)),
        client_id bigint,
        id bigint generated by default as identity,
        moment TIMESTAMP WITHOUT TIME ZONE,
        primary key (id)
    )
Hibernate: 
    create table tb_order_item (
        price float(53),
        quantity integer,
        order_id bigint not null,
        product_id bigint not null,
        primary key (order_id, product_id)
    )
Hibernate: 
    create table tb_payment (
        moment TIMESTAMP WITHOUT TIME ZONE,
        order_id bigint not null,
        primary key (order_id)
    )
Hibernate: 
    create table tb_product (
        price float(53),
        id bigint generated by default as identity,
        description TEXT,
        img_url varchar(255),
        name varchar(255),
        primary key (id)
    )
Hibernate: 
    create table tb_product_category (
        category_id bigint not null,
        product_id bigint not null,
        primary key (category_id, product_id)
    )
Hibernate: 
    create table tb_user (
        birth_date date,
        id bigint generated by default as identity,
        email varchar(255) unique,
        name varchar(255),
        password varchar(255),
        phone varchar(255),
        primary key (id)
    )
Hibernate: 
    alter table if exists tb_order 
       add constraint FKi0x0rv7d65vsceuy33km9567n 
       foreign key (client_id) 
       references tb_user
Hibernate: 
    alter table if exists tb_order_item 
       add constraint FK4h5xid5qehset7qwe5l9c997x 
       foreign key (product_id) 
       references tb_product
Hibernate: 
    alter table if exists tb_order_item 
       add constraint FKgeobgl2xu916he8vhljktwxnx 
       foreign key (order_id) 
       references tb_order
Hibernate: 
    alter table if exists tb_payment 
       add constraint FKokaf4il2cwit4h780c25dv04r 
       foreign key (order_id) 
       references tb_order
Hibernate: 
    alter table if exists tb_product_category 
       add constraint FK5r4sbavb4nkd9xpl0f095qs2a 
       foreign key (category_id) 
       references tb_category
Hibernate: 
    alter table if exists tb_product_category 
       add constraint FKgbof0jclmaf8wn2alsoexxq3u 
       foreign key (product_id) 
       references tb_product
Hibernate: INSERT INTO tb_category(name) VALUES ('Livros')
Hibernate: INSERT INTO tb_category(name) VALUES ('Eletrônicos')
Hibernate: INSERT INTO tb_category(name) VALUES ('Computadores')
Hibernate: INSERT INTO tb_product (name, price, description, img_url) VALUES ('The Lord of the Rings', 90.5, 'Lorem ipsum dolor sit amet, consectetur adipiscing elit, sed do eiusmod tempor incididunt ut labore et dolore magna aliqua. Ut enim ad minim veniam, quis nostrud exercitation ullamco laboris nisi ut aliquip ex ea commodo consequat. Duis aute irure dolor in reprehenderit in voluptate velit esse cillum dolore eu fugiat nulla pariatur. Excepteur sint occaecat cupidatat non proident, sunt in culpa qui officia deserunt mollit anim id est laborum.', 'https://raw.githubusercontent.com/devsuperior/dscatalog-resources/master/backend/img/1-big.jpg')
Hibernate: INSERT INTO tb_product (name, price, description, img_url) VALUES ('Smart TV', 2190.0, 'Lorem ipsum dolor sit amet, consectetur adipiscing elit, sed do eiusmod tempor incididunt ut labore et dolore magna aliqua. Ut enim ad minim veniam, quis nostrud exercitation ullamco laboris nisi ut aliquip ex ea commodo consequat. Duis aute irure dolor in reprehenderit in voluptate velit esse cillum dolore eu fugiat nulla pariatur. Excepteur sint occaecat cupidatat non proident, sunt in culpa qui officia deserunt mollit anim id est laborum.', 'https://raw.githubusercontent.com/devsuperior/dscatalog-resources/master/backend/img/2-big.jpg')
Hibernate: INSERT INTO tb_product (name, price, description, img_url) VALUES ('Macbook Pro', 1250.0, 'Lorem ipsum dolor sit amet, consectetur adipiscing elit, sed do eiusmod tempor incididunt ut labore et dolore magna aliqua. Ut enim ad minim veniam, quis nostrud exercitation ullamco laboris nisi ut aliquip ex ea commodo consequat. Duis aute irure dolor in reprehenderit in voluptate velit esse cillum dolore eu fugiat nulla pariatur. Excepteur sint occaecat cupidatat non proident, sunt in culpa qui officia deserunt mollit anim id est laborum.', 'https://raw.githubusercontent.com/devsuperior/dscatalog-resources/master/backend/img/3-big.jpg')
Hibernate: INSERT INTO tb_product (name, price, description, img_url) VALUES ('PC Gamer', 1200.0, 'Lorem ipsum dolor sit amet, consectetur adipiscing elit, sed do eiusmod tempor incididunt ut labore et dolore magna aliqua. Ut enim ad minim veniam, quis nostrud exercitation ullamco laboris nisi ut aliquip ex ea commodo consequat. Duis aute irure dolor in reprehenderit in voluptate velit esse cillum dolore eu fugiat nulla pariatur. Excepteur sint occaecat cupidatat non proident, sunt in culpa qui officia deserunt mollit anim id est laborum.', 'https://raw.githubusercontent.com/devsuperior/dscatalog-resources/master/backend/img/4-big.jpg')
Hibernate: INSERT INTO tb_product (name, price, description, img_url) VALUES ('Rails for Dummies', 100.99, 'Lorem ipsum dolor sit amet, consectetur adipiscing elit, sed do eiusmod tempor incididunt ut labore et dolore magna aliqua. Ut enim ad minim veniam, quis nostrud exercitation ullamco laboris nisi ut aliquip ex ea commodo consequat. Duis aute irure dolor in reprehenderit in voluptate velit esse cillum dolore eu fugiat nulla pariatur. Excepteur sint occaecat cupidatat non proident, sunt in culpa qui officia deserunt mollit anim id est laborum.', 'https://raw.githubusercontent.com/devsuperior/dscatalog-resources/master/backend/img/5-big.jpg')
Hibernate: INSERT INTO tb_product (name, price, description, img_url) VALUES ('PC Gamer Ex', 1350.0, 'Lorem ipsum dolor sit amet, consectetur adipiscing elit, sed do eiusmod tempor incididunt ut labore et dolore magna aliqua. Ut enim ad minim veniam, quis nostrud exercitation ullamco laboris nisi ut aliquip ex ea commodo consequat. Duis aute irure dolor in reprehenderit in voluptate velit esse cillum dolore eu fugiat nulla pariatur. Excepteur sint occaecat cupidatat non proident, sunt in culpa qui officia deserunt mollit anim id est laborum.', 'https://raw.githubusercontent.com/devsuperior/dscatalog-resources/master/backend/img/6-big.jpg')
Hibernate: INSERT INTO tb_product (name, price, description, img_url) VALUES ('PC Gamer X', 1350.0, 'Lorem ipsum dolor sit amet, consectetur adipiscing elit, sed do eiusmod tempor incididunt ut labore et dolore magna aliqua. Ut enim ad minim veniam, quis nostrud exercitation ullamco laboris nisi ut aliquip ex ea commodo consequat. Duis aute irure dolor in reprehenderit in voluptate velit esse cillum dolore eu fugiat nulla pariatur. Excepteur sint occaecat cupidatat non proident, sunt in culpa qui officia deserunt mollit anim id est laborum.', 'https://raw.githubusercontent.com/devsuperior/dscatalog-resources/master/backend/img/7-big.jpg')
Hibernate: INSERT INTO tb_product (name, price, description, img_url) VALUES ('PC Gamer Alfa', 1850.0, 'Lorem ipsum dolor sit amet, consectetur adipiscing elit, sed do eiusmod tempor incididunt ut labore et dolore magna aliqua. Ut enim ad minim veniam, quis nostrud exercitation ullamco laboris nisi ut aliquip ex ea commodo consequat. Duis aute irure dolor in reprehenderit in voluptate velit esse cillum dolore eu fugiat nulla pariatur. Excepteur sint occaecat cupidatat non proident, sunt in culpa qui officia deserunt mollit anim id est laborum.', 'https://raw.githubusercontent.com/devsuperior/dscatalog-resources/master/backend/img/8-big.jpg')
Hibernate: INSERT INTO tb_product (name, price, description, img_url) VALUES ('PC Gamer Tera', 1950.0, 'Lorem ipsum dolor sit amet, consectetur adipiscing elit, sed do eiusmod tempor incididunt ut labore et dolore magna aliqua. Ut enim ad minim veniam, quis nostrud exercitation ullamco laboris nisi ut aliquip ex ea commodo consequat. Duis aute irure dolor in reprehenderit in voluptate velit esse cillum dolore eu fugiat nulla pariatur. Excepteur sint occaecat cupidatat non proident, sunt in culpa qui officia deserunt mollit anim id est laborum.', 'https://raw.githubusercontent.com/devsuperior/dscatalog-resources/master/backend/img/9-big.jpg')
Hibernate: INSERT INTO tb_product (name, price, description, img_url) VALUES ('PC Gamer Y', 1700.0, 'Lorem ipsum dolor sit amet, consectetur adipiscing elit, sed do eiusmod tempor incididunt ut labore et dolore magna aliqua. Ut enim ad minim veniam, quis nostrud exercitation ullamco laboris nisi ut aliquip ex ea commodo consequat. Duis aute irure dolor in reprehenderit in voluptate velit esse cillum dolore eu fugiat nulla pariatur. Excepteur sint occaecat cupidatat non proident, sunt in culpa qui officia deserunt mollit anim id est laborum.', 'https://raw.githubusercontent.com/devsuperior/dscatalog-resources/master/backend/img/10-big.jpg')
Hibernate: INSERT INTO tb_product (name, price, description, img_url) VALUES ('PC Gamer Nitro', 1450.0, 'Lorem ipsum dolor sit amet, consectetur adipiscing elit, sed do eiusmod tempor incididunt ut labore et dolore magna aliqua. Ut enim ad minim veniam, quis nostrud exercitation ullamco laboris nisi ut aliquip ex ea commodo consequat. Duis aute irure dolor in reprehenderit in voluptate velit esse cillum dolore eu fugiat nulla pariatur. Excepteur sint occaecat cupidatat non proident, sunt in culpa qui officia deserunt mollit anim id est laborum.', 'https://raw.githubusercontent.com/devsuperior/dscatalog-resources/master/backend/img/11-big.jpg')
Hibernate: INSERT INTO tb_product (name, price, description, img_url) VALUES ('PC Gamer Card', 1850.0, 'Lorem ipsum dolor sit amet, consectetur adipiscing elit, sed do eiusmod tempor incididunt ut labore et dolore magna aliqua. Ut enim ad minim veniam, quis nostrud exercitation ullamco laboris nisi ut aliquip ex ea commodo consequat. Duis aute irure dolor in reprehenderit in voluptate velit esse cillum dolore eu fugiat nulla pariatur. Excepteur sint occaecat cupidatat non proident, sunt in culpa qui officia deserunt mollit anim id est laborum.', 'https://raw.githubusercontent.com/devsuperior/dscatalog-resources/master/backend/img/12-big.jpg')
Hibernate: INSERT INTO tb_product (name, price, description, img_url) VALUES ('PC Gamer Plus', 1350.0, 'Lorem ipsum dolor sit amet, consectetur adipiscing elit, sed do eiusmod tempor incididunt ut labore et dolore magna aliqua. Ut enim ad minim veniam, quis nostrud exercitation ullamco laboris nisi ut aliquip ex ea commodo consequat. Duis aute irure dolor in reprehenderit in voluptate velit esse cillum dolore eu fugiat nulla pariatur. Excepteur sint occaecat cupidatat non proident, sunt in culpa qui officia deserunt mollit anim id est laborum.', 'https://raw.githubusercontent.com/devsuperior/dscatalog-resources/master/backend/img/13-big.jpg')
Hibernate: INSERT INTO tb_product (name, price, description, img_url) VALUES ('PC Gamer Hera', 2250.0, 'Lorem ipsum dolor sit amet, consectetur adipiscing elit, sed do eiusmod tempor incididunt ut labore et dolore magna aliqua. Ut enim ad minim veniam, quis nostrud exercitation ullamco laboris nisi ut aliquip ex ea commodo consequat. Duis aute irure dolor in reprehenderit in voluptate velit esse cillum dolore eu fugiat nulla pariatur. Excepteur sint occaecat cupidatat non proident, sunt in culpa qui officia deserunt mollit anim id est laborum.', 'https://raw.githubusercontent.com/devsuperior/dscatalog-resources/master/backend/img/14-big.jpg')
Hibernate: INSERT INTO tb_product (name, price, description, img_url) VALUES ('PC Gamer Weed', 2200.0, 'Lorem ipsum dolor sit amet, consectetur adipiscing elit, sed do eiusmod tempor incididunt ut labore et dolore magna aliqua. Ut enim ad minim veniam, quis nostrud exercitation ullamco laboris nisi ut aliquip ex ea commodo consequat. Duis aute irure dolor in reprehenderit in voluptate velit esse cillum dolore eu fugiat nulla pariatur. Excepteur sint occaecat cupidatat non proident, sunt in culpa qui officia deserunt mollit anim id est laborum.', 'https://raw.githubusercontent.com/devsuperior/dscatalog-resources/master/backend/img/15-big.jpg')
Hibernate: INSERT INTO tb_product (name, price, description, img_url) VALUES ('PC Gamer Max', 2340.0, 'Lorem ipsum dolor sit amet, consectetur adipiscing elit, sed do eiusmod tempor incididunt ut labore et dolore magna aliqua. Ut enim ad minim veniam, quis nostrud exercitation ullamco laboris nisi ut aliquip ex ea commodo consequat. Duis aute irure dolor in reprehenderit in voluptate velit esse cillum dolore eu fugiat nulla pariatur. Excepteur sint occaecat cupidatat non proident, sunt in culpa qui officia deserunt mollit anim id est laborum.', 'https://raw.githubusercontent.com/devsuperior/dscatalog-resources/master/backend/img/16-big.jpg')
Hibernate: INSERT INTO tb_product (name, price, description, img_url) VALUES ('PC Gamer Turbo', 1280.0, 'Lorem ipsum dolor sit amet, consectetur adipiscing elit, sed do eiusmod tempor incididunt ut labore et dolore magna aliqua. Ut enim ad minim veniam, quis nostrud exercitation ullamco laboris nisi ut aliquip ex ea commodo consequat. Duis aute irure dolor in reprehenderit in voluptate velit esse cillum dolore eu fugiat nulla pariatur. Excepteur sint occaecat cupidatat non proident, sunt in culpa qui officia deserunt mollit anim id est laborum.', 'https://raw.githubusercontent.com/devsuperior/dscatalog-resources/master/backend/img/17-big.jpg')
Hibernate: INSERT INTO tb_product (name, price, description, img_url) VALUES ('PC Gamer Hot', 1450.0, 'Lorem ipsum dolor sit amet, consectetur adipiscing elit, sed do eiusmod tempor incididunt ut labore et dolore magna aliqua. Ut enim ad minim veniam, quis nostrud exercitation ullamco laboris nisi ut aliquip ex ea commodo consequat. Duis aute irure dolor in reprehenderit in voluptate velit esse cillum dolore eu fugiat nulla pariatur. Excepteur sint occaecat cupidatat non proident, sunt in culpa qui officia deserunt mollit anim id est laborum.', 'https://raw.githubusercontent.com/devsuperior/dscatalog-resources/master/backend/img/18-big.jpg')
Hibernate: INSERT INTO tb_product (name, price, description, img_url) VALUES ('PC Gamer Ez', 1750.0, 'Lorem ipsum dolor sit amet, consectetur adipiscing elit, sed do eiusmod tempor incididunt ut labore et dolore magna aliqua. Ut enim ad minim veniam, quis nostrud exercitation ullamco laboris nisi ut aliquip ex ea commodo consequat. Duis aute irure dolor in reprehenderit in voluptate velit esse cillum dolore eu fugiat nulla pariatur. Excepteur sint occaecat cupidatat non proident, sunt in culpa qui officia deserunt mollit anim id est laborum.', 'https://raw.githubusercontent.com/devsuperior/dscatalog-resources/master/backend/img/19-big.jpg')
Hibernate: INSERT INTO tb_product (name, price, description, img_url) VALUES ('PC Gamer Tr', 1650.0, 'Lorem ipsum dolor sit amet, consectetur adipiscing elit, sed do eiusmod tempor incididunt ut labore et dolore magna aliqua. Ut enim ad minim veniam, quis nostrud exercitation ullamco laboris nisi ut aliquip ex ea commodo consequat. Duis aute irure dolor in reprehenderit in voluptate velit esse cillum dolore eu fugiat nulla pariatur. Excepteur sint occaecat cupidatat non proident, sunt in culpa qui officia deserunt mollit anim id est laborum.', 'https://raw.githubusercontent.com/devsuperior/dscatalog-resources/master/backend/img/20-big.jpg')
Hibernate: INSERT INTO tb_product (name, price, description, img_url) VALUES ('PC Gamer Tx', 1680.0, 'Lorem ipsum dolor sit amet, consectetur adipiscing elit, sed do eiusmod tempor incididunt ut labore et dolore magna aliqua. Ut enim ad minim veniam, quis nostrud exercitation ullamco laboris nisi ut aliquip ex ea commodo consequat. Duis aute irure dolor in reprehenderit in voluptate velit esse cillum dolore eu fugiat nulla pariatur. Excepteur sint occaecat cupidatat non proident, sunt in culpa qui officia deserunt mollit anim id est laborum.', 'https://raw.githubusercontent.com/devsuperior/dscatalog-resources/master/backend/img/21-big.jpg')
Hibernate: INSERT INTO tb_product (name, price, description, img_url) VALUES ('PC Gamer Er', 1850.0, 'Lorem ipsum dolor sit amet, consectetur adipiscing elit, sed do eiusmod tempor incididunt ut labore et dolore magna aliqua. Ut enim ad minim veniam, quis nostrud exercitation ullamco laboris nisi ut aliquip ex ea commodo consequat. Duis aute irure dolor in reprehenderit in voluptate velit esse cillum dolore eu fugiat nulla pariatur. Excepteur sint occaecat cupidatat non proident, sunt in culpa qui officia deserunt mollit anim id est laborum.', 'https://raw.githubusercontent.com/devsuperior/dscatalog-resources/master/backend/img/22-big.jpg')
Hibernate: INSERT INTO tb_product (name, price, description, img_url) VALUES ('PC Gamer Min', 2250.0, 'Lorem ipsum dolor sit amet, consectetur adipiscing elit, sed do eiusmod tempor incididunt ut labore et dolore magna aliqua. Ut enim ad minim veniam, quis nostrud exercitation ullamco laboris nisi ut aliquip ex ea commodo consequat. Duis aute irure dolor in reprehenderit in voluptate velit esse cillum dolore eu fugiat nulla pariatur. Excepteur sint occaecat cupidatat non proident, sunt in culpa qui officia deserunt mollit anim id est laborum.', 'https://raw.githubusercontent.com/devsuperior/dscatalog-resources/master/backend/img/23-big.jpg')
Hibernate: INSERT INTO tb_product (name, price, description, img_url) VALUES ('PC Gamer Boo', 2350.0, 'Lorem ipsum dolor sit amet, consectetur adipiscing elit, sed do eiusmod tempor incididunt ut labore et dolore magna aliqua. Ut enim ad minim veniam, quis nostrud exercitation ullamco laboris nisi ut aliquip ex ea commodo consequat. Duis aute irure dolor in reprehenderit in voluptate velit esse cillum dolore eu fugiat nulla pariatur. Excepteur sint occaecat cupidatat non proident, sunt in culpa qui officia deserunt mollit anim id est laborum.', 'https://raw.githubusercontent.com/devsuperior/dscatalog-resources/master/backend/img/24-big.jpg')
Hibernate: INSERT INTO tb_product (name, price, description, img_url) VALUES ('PC Gamer Foo', 4170.0, 'Lorem ipsum dolor sit amet, consectetur adipiscing elit, sed do eiusmod tempor incididunt ut labore et dolore magna aliqua. Ut enim ad minim veniam, quis nostrud exercitation ullamco laboris nisi ut aliquip ex ea commodo consequat. Duis aute irure dolor in reprehenderit in voluptate velit esse cillum dolore eu fugiat nulla pariatur. Excepteur sint occaecat cupidatat non proident, sunt in culpa qui officia deserunt mollit anim id est laborum.', 'https://raw.githubusercontent.com/devsuperior/dscatalog-resources/master/backend/img/25-big.jpg')
Hibernate: INSERT INTO tb_product_category (product_id, category_id) VALUES (1, 1)
Hibernate: INSERT INTO tb_product_category (product_id, category_id) VALUES (2, 2)
Hibernate: INSERT INTO tb_product_category (product_id, category_id) VALUES (2, 3)
Hibernate: INSERT INTO tb_product_category (product_id, category_id) VALUES (3, 3)
Hibernate: INSERT INTO tb_product_category (product_id, category_id) VALUES (4, 3)
Hibernate: INSERT INTO tb_product_category (product_id, category_id) VALUES (5, 1)
Hibernate: INSERT INTO tb_product_category (product_id, category_id) VALUES (6, 3)
Hibernate: INSERT INTO tb_product_category (product_id, category_id) VALUES (7, 3)
Hibernate: INSERT INTO tb_product_category (product_id, category_id) VALUES (8, 3)
Hibernate: INSERT INTO tb_product_category (product_id, category_id) VALUES (9, 3)
Hibernate: INSERT INTO tb_product_category (product_id, category_id) VALUES (10, 3)
Hibernate: INSERT INTO tb_product_category (product_id, category_id) VALUES (11, 3)
Hibernate: INSERT INTO tb_product_category (product_id, category_id) VALUES (12, 3)
Hibernate: INSERT INTO tb_product_category (product_id, category_id) VALUES (13, 3)
Hibernate: INSERT INTO tb_product_category (product_id, category_id) VALUES (14, 3)
Hibernate: INSERT INTO tb_product_category (product_id, category_id) VALUES (15, 3)
Hibernate: INSERT INTO tb_product_category (product_id, category_id) VALUES (16, 3)
Hibernate: INSERT INTO tb_product_category (product_id, category_id) VALUES (17, 3)
Hibernate: INSERT INTO tb_product_category (product_id, category_id) VALUES (18, 3)
Hibernate: INSERT INTO tb_product_category (product_id, category_id) VALUES (19, 3)
Hibernate: INSERT INTO tb_product_category (product_id, category_id) VALUES (20, 3)
Hibernate: INSERT INTO tb_product_category (product_id, category_id) VALUES (21, 3)
Hibernate: INSERT INTO tb_product_category (product_id, category_id) VALUES (22, 3)
Hibernate: INSERT INTO tb_product_category (product_id, category_id) VALUES (23, 3)
Hibernate: INSERT INTO tb_product_category (product_id, category_id) VALUES (24, 3)
Hibernate: INSERT INTO tb_product_category (product_id, category_id) VALUES (25, 3)
Hibernate: INSERT INTO tb_user (name, email, phone, password, birth_date) VALUES ('Maria Brown', 'maria@gmail.com', '988888888', '123456', '2001-07-25')
Hibernate: INSERT INTO tb_user (name, email, phone, password, birth_date) VALUES ('Alex Green', 'alex@gmail.com', '977777777', '123456', '1987-12-13')
Hibernate: INSERT INTO tb_order (moment, status, client_id) VALUES (TIMESTAMP WITH TIME ZONE '2022-07-25T13:00:00Z', 1, 1)
Hibernate: INSERT INTO tb_order (moment, status, client_id) VALUES (TIMESTAMP WITH TIME ZONE '2022-07-29T15:50:00Z', 3, 2)
Hibernate: INSERT INTO tb_order (moment, status, client_id) VALUES (TIMESTAMP WITH TIME ZONE '2022-08-03T14:20:00Z', 0, 1)
Hibernate: INSERT INTO tb_order_item (order_id, product_id, quantity, price) VALUES (1, 1, 2, 90.5)
Hibernate: INSERT INTO tb_order_item (order_id, product_id, quantity, price) VALUES (1, 3, 1, 1250.0)
Hibernate: INSERT INTO tb_order_item (order_id, product_id, quantity, price) VALUES (2, 3, 1, 1250.0)
Hibernate: INSERT INTO tb_order_item (order_id, product_id, quantity, price) VALUES (3, 1, 1, 90.5)
Hibernate: INSERT INTO tb_payment (order_id, moment) VALUES (1, TIMESTAMP WITH TIME ZONE '2022-07-25T15:00:00Z')
Hibernate: INSERT INTO tb_payment (order_id, moment) VALUES (2, TIMESTAMP WITH TIME ZONE '2022-07-30T11:00:00Z')
2026-09-02T20:45:12.181-03:00  INFO 19720 --- [           main] j.LocalContainerEntityManagerFactoryBean : Initialized JPA EntityManagerFactory for persistence unit 'default'
2026-09-02T20:45:12.301-03:00  INFO 19720 --- [           main] o.s.d.j.r.query.QueryEnhancerFactories   : Hibernate is in classpath; If applicable, HQL parser will be used.
2026-09-02T20:45:13.711-03:00  INFO 19720 --- [           main] o.s.b.h.a.H2ConsoleAutoConfiguration     : H2 console available at '/h2-console'. Database available at 'jdbc:h2:mem:testdb'
2026-09-02T20:45:13.806-03:00  INFO 19720 --- [           main] c.d.d.DscommerceApplicationTests         : Started DscommerceApplicationTests in 4.718 seconds (process running for 5.781)
]]></system-out>
    <system-err><![CDATA[Mockito is currently self-attaching to enable the inline-mock-maker. This will no longer work in future releases of the JDK. Please add Mockito as an agent to your build as described in Mockito's documentation: https://javadoc.io/doc/org.mockito/mockito-core/latest/org.mockito/org/mockito/Mockito.html#0.3
WARNING: A Java agent has been loaded dynamically (C:\Users\batti\.m2\repository\net\bytebuddy\byte-buddy-agent\1.17.8\byte-buddy-agent-1.17.8.jar)
WARNING: If a serviceability tool is in use, please run with -XX:+EnableDynamicAgentLoading to hide this warning
WARNING: If a serviceability tool is not in use, please run with -Djdk.instrument.traceUsage for more information
WARNING: Dynamic loading of agents will be disallowed by default in a future release
]]></system-err>
  </testcase>
</testsuite>